<?xml version="1.0" encoding="UTF-8"?>
<testsuite xmlns:xsi="http://www.w3.org/2001/XMLSchema-instance" xsi:noNamespaceSchemaLocation="https://maven.apache.org/surefire/maven-surefire-plugin/xsd/surefire-test-report.xsd" name="TestHDFSDao" time="4.251" tests="5" errors="0" skipped="0" failures="0">
  <properties>
[...]
</properties>
  <testcase name="testFind" classname="TestHDFSDao" time="3.655"/>
  <testcase name="testCreate" classname="TestHDFSDao" time="0.142"/>
  <testcase name="testDelete" classname="TestHDFSDao" time="0.121"/>
  <testcase name="testUpload" classname="TestHDFSDao" time="0.069"/>
  <testcase name="testDownload" classname="TestHDFSDao" time="0.085"/>
</testsuite>